<?xml version="1.0" encoding="UTF-8"?>
<testsuite xmlns:xsi="http://www.w3.org/2001/XMLSchema-instance" xsi:noNamespaceSchemaLocation="https://maven.apache.org/surefire/maven-surefire-plugin/xsd/surefire-test-report.xsd" name="com.tweetapp.api.servicetest.UserServiceTest" time="0.547" tests="3" errors="0" skipped="0" failures="0">
  <properties>
[...]
</properties>
  <testcase name="getAllUsersPositiveTest" classname="com.tweetapp.api.servicetest.UserServiceTest" time="0.444"/>
  <testcase name="registerPositiveTest" classname="com.tweetapp.api.servicetest.UserServiceTest" time="0.005"/>
  <testcase name="signUpPostiveTest" classname="com.tweetapp.api.servicetest.UserServiceTest" time="0.003"/>
</testsuite>